<?xml version="1.0" encoding="UTF-8"?>
<!-- Generated by org.testng.reporters.JUnitXMLReporter -->
<testsuite ignored="0" hostname="DESKTOP-FOESTS0" failures="0" tests="5" name="Default test" time="39.21" errors="0" timestamp="2025-05-15T15:09:20 CDT">
  <testcase classname="com.demoqa.tests.FunctionalTest" name="checkBoxButton" time="0.52"/>
  <testcase classname="com.demoqa.tests.FunctionalTest" name="linkButton" time="1.286"/>
  <testcase classname="com.demoqa.tests.FunctionalTest" name="testButton" time="2.838"/>
  <testcase classname="com.demoqa.tests.FunctionalTest" name="testButton" time="1.579"/>
  <testcase classname="com.demoqa.tests.FunctionalTest" name="testButton" time="2.455"/>
</testsuite> <!-- Default test -->
