<?xml version="1.0" encoding="UTF-8"?>
<testng-results ignored="0" total="5" passed="5" failed="0" skipped="0">
  <reporter-output>
  </reporter-output>
  <suite started-at="2025-05-15T15:08:41 CDT" name="Default suite" finished-at="2025-05-15T15:09:20 CDT" duration-ms="39210">
    <groups>
    </groups>
    <test started-at="2025-05-15T15:08:41 CDT" name="Default test" finished-at="2025-05-15T15:09:20 CDT" duration-ms="39210">
      <class name="com.demoqa.tests.FunctionalTest">
        <test-method is-config="true" signature="setUp()[pri:0, instance:com.demoqa.tests.FunctionalTest@449a4f23]" started-at="2025-05-15T15:08:41 CDT" name="setUp" finished-at="2025-05-15T15:08:47 CDT" duration-ms="5741" status="PASS">
          <reporter-output>
          </reporter-output>
        </test-method> <!-- setUp -->
        <test-method signature="checkBoxButton()[pri:0, instance:com.demoqa.tests.FunctionalTest@449a4f23]" started-at="2025-05-15T15:08:47 CDT" name="checkBoxButton" finished-at="2025-05-15T15:08:47 CDT" duration-ms="520" status="PASS">
          <reporter-output>
          </reporter-output>
        </test-method> <!-- checkBoxButton -->
        <test-method is-config="true" signature="setUp()[pri:0, instance:com.demoqa.tests.FunctionalTest@449a4f23]" started-at="2025-05-15T15:08:47 CDT" name="setUp" finished-at="2025-05-15T15:08:54 CDT" duration-ms="6653" status="PASS">
          <reporter-output>
          </reporter-output>
        </test-method> <!-- setUp -->
        <test-method signature="linkButton()[pri:0, instance:com.demoqa.tests.FunctionalTest@449a4f23]" started-at="2025-05-15T15:08:54 CDT" name="linkButton" finished-at="2025-05-15T15:08:55 CDT" duration-ms="1286" status="PASS">
          <reporter-output>
          </reporter-output>
        </test-method> <!-- linkButton -->
        <test-method is-config="true" signature="setUp()[pri:0, instance:com.demoqa.tests.FunctionalTest@449a4f23]" started-at="2025-05-15T15:08:55 CDT" name="setUp" finished-at="2025-05-15T15:09:01 CDT" duration-ms="5736" status="PASS">
          <reporter-output>
          </reporter-output>
        </test-method> <!-- setUp -->
        <test-method signature="testButton(java.lang.String)[pri:0, instance:com.demoqa.tests.FunctionalTest@449a4f23]" started-at="2025-05-15T15:09:01 CDT" name="testButton" data-provider="eMailtextBox" finished-at="2025-05-15T15:09:04 CDT" duration-ms="2838" status="PASS">
          <params>
            <param index="0">
              <value>
                <![CDATA[prudhviraj]]>
              </value>
            </param>
          </params>
          <reporter-output>
          </reporter-output>
        </test-method> <!-- testButton -->
        <test-method is-config="true" signature="setUp()[pri:0, instance:com.demoqa.tests.FunctionalTest@449a4f23]" started-at="2025-05-15T15:09:04 CDT" name="setUp" finished-at="2025-05-15T15:09:11 CDT" duration-ms="7262" status="PASS">
          <reporter-output>
          </reporter-output>
        </test-method> <!-- setUp -->
        <test-method signature="testButton(java.lang.String)[pri:0, instance:com.demoqa.tests.FunctionalTest@449a4f23]" started-at="2025-05-15T15:09:11 CDT" name="testButton" data-provider="eMailtextBox" finished-at="2025-05-15T15:09:13 CDT" duration-ms="1579" status="PASS">
          <params>
            <param index="0">
              <value>
                <![CDATA[prudhvirajreddy]]>
              </value>
            </param>
          </params>
          <reporter-output>
          </reporter-output>
        </test-method> <!-- testButton -->
        <test-method is-config="true" signature="setUp()[pri:0, instance:com.demoqa.tests.FunctionalTest@449a4f23]" started-at="2025-05-15T15:09:13 CDT" name="setUp" finished-at="2025-05-15T15:09:18 CDT" duration-ms="5048" status="PASS">
          <reporter-output>
          </reporter-output>
        </test-method> <!-- setUp -->
        <test-method signature="testButton(java.lang.String)[pri:0, instance:com.demoqa.tests.FunctionalTest@449a4f23]" started-at="2025-05-15T15:09:18 CDT" name="testButton" data-provider="eMailtextBox" finished-at="2025-05-15T15:09:20 CDT" duration-ms="2455" status="PASS">
          <params>
            <param index="0">
              <value>
                <![CDATA[mprudhviraj818@gmail.com]]>
              </value>
            </param>
          </params>
          <reporter-output>
          </reporter-output>
        </test-method> <!-- testButton -->
      </class> <!-- com.demoqa.tests.FunctionalTest -->
    </test> <!-- Default test -->
  </suite> <!-- Default suite -->
</testng-results>
