<?xml version="1.0" encoding="UTF-8"?>
<!-- Generated by org.testng.reporters.JUnitReportReporter -->
<testsuite hostname="DESKTOP-FOESTS0" failures="0" tests="5" name="com.demoqa.tests.FunctionalTest" time="39.118" errors="0" timestamp="2025-05-15T15:09:20 CDT" skipped="0">
  <testcase classname="com.demoqa.tests.FunctionalTest" name="testButton" time="9.717"/>
  <testcase classname="com.demoqa.tests.FunctionalTest" name="testButton" time="7.886"/>
  <testcase classname="com.demoqa.tests.FunctionalTest" name="linkButton" time="7.939"/>
  <testcase classname="com.demoqa.tests.FunctionalTest" name="testButton" time="7.320"/>
  <testcase classname="com.demoqa.tests.FunctionalTest" name="checkBoxButton" time="6.256"/>
</testsuite> <!-- com.demoqa.tests.FunctionalTest -->
